This file contains any messages produced by compilers while
running configure, to aid debugging if configure makes a mistake.

It was created by libsamplerate configure 0.1.8, which was
generated by GNU Autoconf 2.68.  Invocation command line was

  $ ./configure --prefix=/home/lenovo

## --------- ##
## Platform. ##
## --------- ##

hostname = lenovo-PC
uname -m = i686
uname -r = 1.0.19(0.48/3/2)
uname -s = MINGW32_NT-6.1
uname -v = 2016-07-13 17:45

/usr/bin/uname -p = unknown
/bin/uname -X     = unknown

/bin/arch              = unknown
/usr/bin/arch -k       = unknown
/usr/convex/getsysinfo = unknown
/usr/bin/hostinfo      = unknown
/bin/machine           = unknown
/usr/bin/oslevel       = unknown
/bin/universe          = unknown

PATH: .
PATH: /usr/local/bin
PATH: /mingw/bin
PATH: /bin
PATH: /c/Program Files (x86)/Intel/iCLS Client/
PATH: /c/Program Files/Intel/iCLS Client/
PATH: /c/windows/system32
PATH: /c/windows
PATH: /c/windows/System32/Wbem
PATH: /c/windows/System32/WindowsPowerShell/v1.0/
PATH: /c/Program Files (x86)/Intel/Intel(R) Management Engine Components/DAL
PATH: /c/Program Files/Intel/Intel(R) Management Engine Components/DAL
PATH: /c/Program Files (x86)/Intel/Intel(R) Management Engine Components/IPT
PATH: /c/Program Files/Intel/Intel(R) Management Engine Components/IPT
PATH: /c/Program Files (x86)/Windows Kits/8.1/Windows Performance Toolkit/
PATH: /c/Program Files/Microsoft SQL Server/110/Tools/Binn/
PATH: /c/Program Files (x86)/Microsoft SDKs/TypeScript/1.0/
PATH: /c/Program Files/Microsoft SQL Server/120/Tools/Binn/
PATH: /c/Program Files (x86)/VisualSVN/bin
PATH: /c/Program Files/TortoiseSVN/bin
PATH: /c/Qt/Qt5.7.0/5.7/mingw53_32/bin
PATH: /c/Qt/Qt5.7.0/Tools/mingw530_32/bin
PATH: /c/Program Files/OpenVPN/bin
PATH: E
PATH: /MinGW/bin
PATH: /usr/libsamplerate-0.1.8/src/.libs


## ----------- ##
## Core tests. ##
## ----------- ##

configure:2589: checking build system type
configure:2603: result: i686-pc-mingw32
configure:2623: checking host system type
configure:2636: result: i686-pc-mingw32
configure:2656: checking target system type
configure:2669: result: i686-pc-mingw32
configure:2716: checking for a BSD-compatible install
configure:2784: result: /bin/install -c
configure:2795: checking whether build environment is sane
configure:2845: result: yes
configure:2986: checking for a thread-safe mkdir -p
configure:3025: result: /bin/mkdir -p
configure:3038: checking for gawk
configure:3054: found /bin/gawk
configure:3065: result: gawk
configure:3076: checking whether make sets $(MAKE)
configure:3098: result: yes
configure:3249: checking for gcc
configure:3265: found /mingw/bin/gcc
configure:3276: result: gcc
configure:3505: checking for C compiler version
configure:3514: gcc --version >&5
gcc.exe (GCC) 4.9.3
Copyright (C) 2015 Free Software Foundation, Inc.
This is free software; see the source for copying conditions.  There is NO
warranty; not even for MERCHANTABILITY or FITNESS FOR A PARTICULAR PURPOSE.

configure:3525: $? = 0
configure:3514: gcc -v >&5
Using built-in specs.
COLLECT_GCC=E:\MinGW\bin\gcc.exe
COLLECT_LTO_WRAPPER=e:/mingw/bin/../libexec/gcc/mingw32/4.9.3/lto-wrapper.exe
Target: mingw32
Configured with: ../src/gcc-4.9.3/configure --build=x86_64-pc-linux-gnu --host=mingw32 --prefix=/mingw --disable-win32-registry --target=mingw32 --with-arch=i586 --enable-languages=c,c++,objc,obj-c++,fortran,ada --enable-static --enable-shared --enable-threads --with-dwarf2 --disable-sjlj-exceptions --enable-version-specific-runtime-libs --enable-libstdcxx-debug --with-tune=generic --enable-nls
Thread model: win32
gcc version 4.9.3 (GCC) 
configure:3525: $? = 0
configure:3514: gcc -V >&5
gcc.exe: error: unrecognized command line option '-V'
gcc.exe: fatal error: no input files
compilation terminated.
configure:3525: $? = 1
configure:3514: gcc -qversion >&5
gcc.exe: error: unrecognized command line option '-qversion'
gcc.exe: fatal error: no input files
compilation terminated.
configure:3525: $? = 1
configure:3545: checking whether the C compiler works
configure:3567: gcc    conftest.c  >&5
configure:3571: $? = 0
configure:3619: result: yes
configure:3622: checking for C compiler default output file name
configure:3624: result: a.exe
configure:3630: checking for suffix of executables
configure:3637: gcc -o conftest.exe    conftest.c  >&5
configure:3641: $? = 0
configure:3663: result: .exe
configure:3685: checking whether we are cross compiling
configure:3693: gcc -o conftest.exe    conftest.c  >&5
configure:3697: $? = 0
configure:3704: ./conftest.exe
configure:3708: $? = 0
configure:3723: result: no
configure:3728: checking for suffix of object files
configure:3750: gcc -c   conftest.c >&5
configure:3754: $? = 0
configure:3775: result: o
configure:3779: checking whether we are using the GNU C compiler
configure:3798: gcc -c   conftest.c >&5
configure:3798: $? = 0
configure:3807: result: yes
configure:3816: checking whether gcc accepts -g
configure:3836: gcc -c -g  conftest.c >&5
configure:3836: $? = 0
configure:3877: result: yes
configure:3894: checking for gcc option to accept ISO C89
configure:3958: gcc  -c -g -O2  conftest.c >&5
configure:3958: $? = 0
configure:3971: result: none needed
configure:4002: checking for style of include used by make
configure:4030: result: GNU
configure:4055: checking dependency style of gcc
configure:4165: result: gcc3
configure:4181: checking whether gcc and cc understand -c and -o together
configure:4212: gcc -c conftest.c -o conftest2.o >&5
configure:4216: $? = 0
configure:4222: gcc -c conftest.c -o conftest2.o >&5
configure:4226: $? = 0
configure:4237: cc -c conftest.c >&5
./configure: line 4239: cc: command not found
configure:4241: $? = 127
configure:4281: result: yes
configure:4364: checking for g++
configure:4380: found /mingw/bin/g++
configure:4391: result: g++
configure:4418: checking for C++ compiler version
configure:4427: g++ --version >&5
g++.exe (GCC) 4.9.3
Copyright (C) 2015 Free Software Foundation, Inc.
This is free software; see the source for copying conditions.  There is NO
warranty; not even for MERCHANTABILITY or FITNESS FOR A PARTICULAR PURPOSE.

configure:4438: $? = 0
configure:4427: g++ -v >&5
Using built-in specs.
COLLECT_GCC=E:\MinGW\bin\g++.exe
COLLECT_LTO_WRAPPER=e:/mingw/bin/../libexec/gcc/mingw32/4.9.3/lto-wrapper.exe
Target: mingw32
Configured with: ../src/gcc-4.9.3/configure --build=x86_64-pc-linux-gnu --host=mingw32 --prefix=/mingw --disable-win32-registry --target=mingw32 --with-arch=i586 --enable-languages=c,c++,objc,obj-c++,fortran,ada --enable-static --enable-shared --enable-threads --with-dwarf2 --disable-sjlj-exceptions --enable-version-specific-runtime-libs --enable-libstdcxx-debug --with-tune=generic --enable-nls
Thread model: win32
gcc version 4.9.3 (GCC) 
configure:4438: $? = 0
configure:4427: g++ -V >&5
g++.exe: error: unrecognized command line option '-V'
g++.exe: fatal error: no input files
compilation terminated.
configure:4438: $? = 1
configure:4427: g++ -qversion >&5
g++.exe: error: unrecognized command line option '-qversion'
g++.exe: fatal error: no input files
compilation terminated.
configure:4438: $? = 1
configure:4442: checking whether we are using the GNU C++ compiler
configure:4461: g++ -c   conftest.cpp >&5
configure:4461: $? = 0
configure:4470: result: yes
configure:4479: checking whether g++ accepts -g
configure:4499: g++ -c -g  conftest.cpp >&5
configure:4499: $? = 0
configure:4540: result: yes
configure:4565: checking dependency style of g++
configure:4675: result: gcc3
configure:4690: checking for a sed that does not truncate output
configure:4754: result: /bin/sed
configure:4808: checking how to print strings
configure:4835: result: printf
configure:4856: checking for a sed that does not truncate output
configure:4920: result: /bin/sed
configure:4938: checking for grep that handles long lines and -e
configure:4996: result: /bin/grep
configure:5001: checking for egrep
configure:5063: result: /bin/grep -E
configure:5068: checking for fgrep
configure:5130: result: /bin/grep -F
configure:5165: checking for ld used by gcc
configure:5232: result: e:/mingw/mingw32/bin/ld.exe
configure:5239: checking if the linker (e:/mingw/mingw32/bin/ld.exe) is GNU ld
configure:5254: result: yes
configure:5266: checking for BSD- or MS-compatible name lister (nm)
configure:5315: result: /c/Qt/Qt5.7.0/Tools/mingw530_32/bin/nm -B
configure:5445: checking the name lister (/c/Qt/Qt5.7.0/Tools/mingw530_32/bin/nm -B) interface
configure:5452: gcc -c -g -O2  conftest.c >&5
configure:5455: /c/Qt/Qt5.7.0/Tools/mingw530_32/bin/nm -B "conftest.o"
configure:5458: output
00000000 b .bss
00000000 d .data
00000000 N .debug_abbrev
00000000 N .debug_aranges
00000000 N .debug_info
00000000 N .debug_line
00000000 r .rdata$zzz
00000000 t .text
00000000 B _some_variable
configure:5465: result: BSD nm
configure:5468: checking whether ln -s works
configure:5475: result: no, using cp -p
configure:5480: checking the maximum length of command line arguments
configure:5605: result: 8192
configure:5622: checking whether the shell understands some XSI constructs
configure:5632: result: yes
configure:5636: checking whether the shell understands "+="
configure:5642: result: yes
configure:5677: checking how to convert i686-pc-mingw32 file names to i686-pc-mingw32 format
configure:5717: result: func_convert_file_msys_to_w32
configure:5724: checking how to convert i686-pc-mingw32 file names to toolchain format
configure:5744: result: func_convert_file_msys_to_w32
configure:5751: checking for e:/mingw/mingw32/bin/ld.exe option to reload object files
configure:5758: result: -r
configure:5832: checking for objdump
configure:5848: found /mingw/bin/objdump
configure:5859: result: objdump
configure:5891: checking how to recognize dependent libraries
configure:6093: result: file_magic ^x86 archive import|^x86 DLL
configure:6178: checking for dlltool
configure:6194: found /mingw/bin/dlltool
configure:6205: result: dlltool
configure:6238: checking how to associate runtime and link libraries
configure:6265: result: func_cygming_dll_for_implib
configure:6326: checking for ar
configure:6342: found /mingw/bin/ar
configure:6353: result: ar
configure:6390: checking for archiver @FILE support
configure:6407: gcc -c -g -O2  conftest.c >&5
configure:6407: $? = 0
configure:6410: ar cru libconftest.a @conftest.lst >&5
configure:6413: $? = 0
configure:6418: ar cru libconftest.a @conftest.lst >&5
E:\MinGW\bin\ar.exe: conftest.o: No such file or directory
configure:6421: $? = 1
configure:6433: result: @
configure:6491: checking for strip
configure:6507: found /mingw/bin/strip
configure:6518: result: strip
configure:6590: checking for ranlib
configure:6606: found /mingw/bin/ranlib
configure:6617: result: ranlib
configure:6719: checking command to parse /c/Qt/Qt5.7.0/Tools/mingw530_32/bin/nm -B output from gcc object
configure:6838: gcc -c -g -O2  conftest.c >&5
configure:6841: $? = 0
configure:6845: /c/Qt/Qt5.7.0/Tools/mingw530_32/bin/nm -B conftest.o \| sed -n -e 's/^.*[ ]\([ABCDGIRSTW][ABCDGIRSTW]*\)[ ][ ]*\([_A-Za-z][_A-Za-z0-9]*\)\{0,1\}$/\1 \2 \2/p' | sed '/ __gnu_lto/d' \> conftest.nm
configure:6848: $? = 0
cannot find nm_test_var in conftest.nm
configure:6838: gcc -c -g -O2  conftest.c >&5
configure:6841: $? = 0
configure:6845: /c/Qt/Qt5.7.0/Tools/mingw530_32/bin/nm -B conftest.o \| sed -n -e 's/^.*[ ]\([ABCDGIRSTW][ABCDGIRSTW]*\)[ ][ ]*_\([_A-Za-z][_A-Za-z0-9]*\)\{0,1\}$/\1 _\2 \2/p' | sed '/ __gnu_lto/d' \> conftest.nm
configure:6848: $? = 0
configure:6914: gcc -o conftest.exe -g -O2   conftest.c conftstm.o >&5
configure:6917: $? = 0
configure:6955: result: ok
configure:6992: checking for sysroot
configure:7022: result: no
configure:7265: checking for mt
configure:7295: result: no
configure:7315: checking if : is a manifest tool
configure:7321: : '-?'
configure:7329: result: no
configure:7961: checking how to run the C preprocessor
configure:7992: gcc -E  conftest.c
configure:7992: $? = 0
configure:8006: gcc -E  conftest.c
conftest.c:11:28: fatal error: ac_nonexistent.h: No such file or directory
 #include <ac_nonexistent.h>
                            ^
compilation terminated.
configure:8006: $? = 1
configure: failed program was:
| /* confdefs.h */
| #define PACKAGE_NAME "libsamplerate"
| #define PACKAGE_TARNAME "libsamplerate"
| #define PACKAGE_VERSION "0.1.8"
| #define PACKAGE_STRING "libsamplerate 0.1.8"
| #define PACKAGE_BUGREPORT "erikd@mega-nerd.com"
| #define PACKAGE_URL "http://www.mega-nerd.com/libsamplerate/"
| #define PACKAGE "libsamplerate"
| #define VERSION "0.1.8"
| /* end confdefs.h.  */
| #include <ac_nonexistent.h>
configure:8031: result: gcc -E
configure:8051: gcc -E  conftest.c
configure:8051: $? = 0
configure:8065: gcc -E  conftest.c
conftest.c:11:28: fatal error: ac_nonexistent.h: No such file or directory
 #include <ac_nonexistent.h>
                            ^
compilation terminated.
configure:8065: $? = 1
configure: failed program was:
| /* confdefs.h */
| #define PACKAGE_NAME "libsamplerate"
| #define PACKAGE_TARNAME "libsamplerate"
| #define PACKAGE_VERSION "0.1.8"
| #define PACKAGE_STRING "libsamplerate 0.1.8"
| #define PACKAGE_BUGREPORT "erikd@mega-nerd.com"
| #define PACKAGE_URL "http://www.mega-nerd.com/libsamplerate/"
| #define PACKAGE "libsamplerate"
| #define VERSION "0.1.8"
| /* end confdefs.h.  */
| #include <ac_nonexistent.h>
configure:8094: checking for ANSI C header files
configure:8114: gcc -c -g -O2  conftest.c >&5
configure:8114: $? = 0
configure:8187: gcc -o conftest.exe -g -O2   conftest.c  >&5
configure:8187: $? = 0
configure:8187: ./conftest.exe
configure:8187: $? = 0
configure:8198: result: yes
configure:8211: checking for sys/types.h
configure:8211: gcc -c -g -O2  conftest.c >&5
configure:8211: $? = 0
configure:8211: result: yes
configure:8211: checking for sys/stat.h
configure:8211: gcc -c -g -O2  conftest.c >&5
configure:8211: $? = 0
configure:8211: result: yes
configure:8211: checking for stdlib.h
configure:8211: gcc -c -g -O2  conftest.c >&5
configure:8211: $? = 0
configure:8211: result: yes
configure:8211: checking for string.h
configure:8211: gcc -c -g -O2  conftest.c >&5
configure:8211: $? = 0
configure:8211: result: yes
configure:8211: checking for memory.h
configure:8211: gcc -c -g -O2  conftest.c >&5
configure:8211: $? = 0
configure:8211: result: yes
configure:8211: checking for strings.h
configure:8211: gcc -c -g -O2  conftest.c >&5
configure:8211: $? = 0
configure:8211: result: yes
configure:8211: checking for inttypes.h
configure:8211: gcc -c -g -O2  conftest.c >&5
configure:8211: $? = 0
configure:8211: result: yes
configure:8211: checking for stdint.h
configure:8211: gcc -c -g -O2  conftest.c >&5
configure:8211: $? = 0
configure:8211: result: yes
configure:8211: checking for unistd.h
configure:8211: gcc -c -g -O2  conftest.c >&5
configure:8211: $? = 0
configure:8211: result: yes
configure:8225: checking for dlfcn.h
configure:8225: gcc -c -g -O2  conftest.c >&5
configure:8225: $? = 0
configure:8225: result: yes
configure:8423: checking for objdir
configure:8438: result: .libs
configure:8709: checking if gcc supports -fno-rtti -fno-exceptions
configure:8727: gcc -c -g -O2  -fno-rtti -fno-exceptions conftest.c >&5
cc1.exe: warning: command line option '-fno-rtti' is valid for C++/ObjC++ but not for C
configure:8731: $? = 0
configure:8744: result: no
configure:9054: checking for gcc option to produce PIC
configure:9061: result: -DDLL_EXPORT -DPIC
configure:9069: checking if gcc PIC flag -DDLL_EXPORT -DPIC works
configure:9087: gcc -c -g -O2  -DDLL_EXPORT -DPIC -DPIC conftest.c >&5
configure:9091: $? = 0
configure:9104: result: yes
configure:9133: checking if gcc static flag -static works
configure:9161: result: yes
configure:9176: checking if gcc supports -c -o file.o
configure:9197: gcc -c -g -O2  -o out/conftest2.o conftest.c >&5
configure:9201: $? = 0
configure:9223: result: yes
configure:9231: checking if gcc supports -c -o file.o
configure:9278: result: yes
configure:9311: checking whether the gcc linker (e:/mingw/mingw32/bin/ld.exe) supports shared libraries
configure:10473: result: yes
configure:10510: checking whether -lc should be explicitly linked in
configure:10518: gcc -c -g -O2  conftest.c >&5
configure:10521: $? = 0
configure:10536: gcc -shared conftest.o  -v -o ./conftest -Wl,--enable-auto-image-base -Xlinker --out-implib -Xlinker conftest 2\>\&1 \| /bin/grep  -lc  \>/dev/null 2\>\&1
configure:10539: $? = 1
configure:10553: result: yes
configure:10718: checking dynamic linker characteristics
configure:11467: result: Win32 ld.exe
configure:11574: checking how to hardcode library paths into programs
configure:11599: result: immediate
configure:12139: checking whether stripping libraries is possible
configure:12144: result: yes
configure:12179: checking if libtool supports shared libraries
configure:12181: result: yes
configure:12184: checking whether to build shared libraries
configure:12205: result: yes
configure:12208: checking whether to build static libraries
configure:12212: result: yes
configure:12235: checking how to run the C++ preprocessor
configure:12262: g++ -E  conftest.cpp
configure:12262: $? = 0
configure:12276: g++ -E  conftest.cpp
conftest.cpp:23:28: fatal error: ac_nonexistent.h: No such file or directory
 #include <ac_nonexistent.h>
                            ^
compilation terminated.
configure:12276: $? = 1
configure: failed program was:
| /* confdefs.h */
| #define PACKAGE_NAME "libsamplerate"
| #define PACKAGE_TARNAME "libsamplerate"
| #define PACKAGE_VERSION "0.1.8"
| #define PACKAGE_STRING "libsamplerate 0.1.8"
| #define PACKAGE_BUGREPORT "erikd@mega-nerd.com"
| #define PACKAGE_URL "http://www.mega-nerd.com/libsamplerate/"
| #define PACKAGE "libsamplerate"
| #define VERSION "0.1.8"
| #define STDC_HEADERS 1
| #define HAVE_SYS_TYPES_H 1
| #define HAVE_SYS_STAT_H 1
| #define HAVE_STDLIB_H 1
| #define HAVE_STRING_H 1
| #define HAVE_MEMORY_H 1
| #define HAVE_STRINGS_H 1
| #define HAVE_INTTYPES_H 1
| #define HAVE_STDINT_H 1
| #define HAVE_UNISTD_H 1
| #define HAVE_DLFCN_H 1
| #define LT_OBJDIR ".libs/"
| /* end confdefs.h.  */
| #include <ac_nonexistent.h>
configure:12301: result: g++ -E
configure:12321: g++ -E  conftest.cpp
configure:12321: $? = 0
configure:12335: g++ -E  conftest.cpp
conftest.cpp:23:28: fatal error: ac_nonexistent.h: No such file or directory
 #include <ac_nonexistent.h>
                            ^
compilation terminated.
configure:12335: $? = 1
configure: failed program was:
| /* confdefs.h */
| #define PACKAGE_NAME "libsamplerate"
| #define PACKAGE_TARNAME "libsamplerate"
| #define PACKAGE_VERSION "0.1.8"
| #define PACKAGE_STRING "libsamplerate 0.1.8"
| #define PACKAGE_BUGREPORT "erikd@mega-nerd.com"
| #define PACKAGE_URL "http://www.mega-nerd.com/libsamplerate/"
| #define PACKAGE "libsamplerate"
| #define VERSION "0.1.8"
| #define STDC_HEADERS 1
| #define HAVE_SYS_TYPES_H 1
| #define HAVE_SYS_STAT_H 1
| #define HAVE_STDLIB_H 1
| #define HAVE_STRING_H 1
| #define HAVE_MEMORY_H 1
| #define HAVE_STRINGS_H 1
| #define HAVE_INTTYPES_H 1
| #define HAVE_STDINT_H 1
| #define HAVE_UNISTD_H 1
| #define HAVE_DLFCN_H 1
| #define LT_OBJDIR ".libs/"
| /* end confdefs.h.  */
| #include <ac_nonexistent.h>
configure:12505: checking for ld used by g++
configure:12572: result: e:/mingw/mingw32/bin/ld.exe
configure:12579: checking if the linker (e:/mingw/mingw32/bin/ld.exe) is GNU ld
configure:12594: result: yes
configure:12649: checking whether the g++ linker (e:/mingw/mingw32/bin/ld.exe) supports shared libraries
configure:13653: result: yes
configure:13688: g++ -c -g -O2  conftest.cpp >&5
configure:13691: $? = 0
configure:14211: checking for g++ option to produce PIC
configure:14218: result: -DDLL_EXPORT -DPIC
configure:14226: checking if g++ PIC flag -DDLL_EXPORT -DPIC works
configure:14244: g++ -c -g -O2  -DDLL_EXPORT -DPIC -DPIC conftest.cpp >&5
configure:14248: $? = 0
configure:14261: result: yes
configure:14284: checking if g++ static flag -static works
configure:14312: result: yes
configure:14324: checking if g++ supports -c -o file.o
configure:14345: g++ -c -g -O2  -o out/conftest2.o conftest.cpp >&5
configure:14349: $? = 0
configure:14371: result: yes
configure:14376: checking if g++ supports -c -o file.o
configure:14423: result: yes
configure:14453: checking whether the g++ linker (e:/mingw/mingw32/bin/ld.exe) supports shared libraries
configure:14490: result: yes
configure:14633: checking dynamic linker characteristics
configure:15316: result: Win32 ld.exe
configure:15369: checking how to hardcode library paths into programs
configure:15394: result: immediate
configure:15496: checking for windres
configure:15512: found /mingw/bin/windres
configure:15523: result: windres
configure:15631: checking whether ln -s works
configure:15638: result: no, using cp -p
configure:15665: checking whether make sets $(MAKE)
configure:15687: result: yes
configure:15696: checking whether ln -s works
configure:15703: result: no, using cp -p
configure:15712: checking for dlltool
configure:15739: result: dlltool
configure:15749: checking for dllwrap
configure:15765: found /mingw/bin/dllwrap
configure:15776: result: dllwrap
configure:15786: checking for pexports
configure:15816: result: no
configure:15823: checking for ANSI C header files
configure:15927: result: yes
configure:15939: checking for stdint.h
configure:15939: result: yes
configure:15939: checking sys/times.h usability
configure:15939: gcc -c -g -O2  conftest.c >&5
conftest.c:58:23: fatal error: sys/times.h: No such file or directory
 #include <sys/times.h>
                       ^
compilation terminated.
configure:15939: $? = 1
configure: failed program was:
| /* confdefs.h */
| #define PACKAGE_NAME "libsamplerate"
| #define PACKAGE_TARNAME "libsamplerate"
| #define PACKAGE_VERSION "0.1.8"
| #define PACKAGE_STRING "libsamplerate 0.1.8"
| #define PACKAGE_BUGREPORT "erikd@mega-nerd.com"
| #define PACKAGE_URL "http://www.mega-nerd.com/libsamplerate/"
| #define PACKAGE "libsamplerate"
| #define VERSION "0.1.8"
| #define STDC_HEADERS 1
| #define HAVE_SYS_TYPES_H 1
| #define HAVE_SYS_STAT_H 1
| #define HAVE_STDLIB_H 1
| #define HAVE_STRING_H 1
| #define HAVE_MEMORY_H 1
| #define HAVE_STRINGS_H 1
| #define HAVE_INTTYPES_H 1
| #define HAVE_STDINT_H 1
| #define HAVE_UNISTD_H 1
| #define HAVE_DLFCN_H 1
| #define LT_OBJDIR ".libs/"
| #define STDC_HEADERS 1
| #define HAVE_STDINT_H 1
| /* end confdefs.h.  */
| #include <stdio.h>
| #ifdef HAVE_SYS_TYPES_H
| # include <sys/types.h>
| #endif
| #ifdef HAVE_SYS_STAT_H
| # include <sys/stat.h>
| #endif
| #ifdef STDC_HEADERS
| # include <stdlib.h>
| # include <stddef.h>
| #else
| # ifdef HAVE_STDLIB_H
| #  include <stdlib.h>
| # endif
| #endif
| #ifdef HAVE_STRING_H
| # if !defined STDC_HEADERS && defined HAVE_MEMORY_H
| #  include <memory.h>
| # endif
| # include <string.h>
| #endif
| #ifdef HAVE_STRINGS_H
| # include <strings.h>
| #endif
| #ifdef HAVE_INTTYPES_H
| # include <inttypes.h>
| #endif
| #ifdef HAVE_STDINT_H
| # include <stdint.h>
| #endif
| #ifdef HAVE_UNISTD_H
| # include <unistd.h>
| #endif
| #include <sys/times.h>
configure:15939: result: no
configure:15939: checking sys/times.h presence
configure:15939: gcc -E  conftest.c
conftest.c:25:23: fatal error: sys/times.h: No such file or directory
 #include <sys/times.h>
                       ^
compilation terminated.
configure:15939: $? = 1
configure: failed program was:
| /* confdefs.h */
| #define PACKAGE_NAME "libsamplerate"
| #define PACKAGE_TARNAME "libsamplerate"
| #define PACKAGE_VERSION "0.1.8"
| #define PACKAGE_STRING "libsamplerate 0.1.8"
| #define PACKAGE_BUGREPORT "erikd@mega-nerd.com"
| #define PACKAGE_URL "http://www.mega-nerd.com/libsamplerate/"
| #define PACKAGE "libsamplerate"
| #define VERSION "0.1.8"
| #define STDC_HEADERS 1
| #define HAVE_SYS_TYPES_H 1
| #define HAVE_SYS_STAT_H 1
| #define HAVE_STDLIB_H 1
| #define HAVE_STRING_H 1
| #define HAVE_MEMORY_H 1
| #define HAVE_STRINGS_H 1
| #define HAVE_INTTYPES_H 1
| #define HAVE_STDINT_H 1
| #define HAVE_UNISTD_H 1
| #define HAVE_DLFCN_H 1
| #define LT_OBJDIR ".libs/"
| #define STDC_HEADERS 1
| #define HAVE_STDINT_H 1
| /* end confdefs.h.  */
| #include <sys/times.h>
configure:15939: result: no
configure:15939: checking for sys/times.h
configure:15939: result: no
configure:16005: checking size of int
configure:16010: gcc -o conftest.exe -g -O2   conftest.c  >&5
configure:16010: $? = 0
configure:16010: ./conftest.exe
configure:16010: $? = 0
configure:16024: result: 4
configure:16038: checking size of long
configure:16043: gcc -o conftest.exe -g -O2   conftest.c  >&5
configure:16043: $? = 0
configure:16043: ./conftest.exe
configure:16043: $? = 0
configure:16057: result: 4
configure:16071: checking size of float
configure:16076: gcc -o conftest.exe -g -O2   conftest.c  >&5
configure:16076: $? = 0
configure:16076: ./conftest.exe
configure:16076: $? = 0
configure:16090: result: 4
configure:16104: checking size of double
configure:16109: gcc -o conftest.exe -g -O2   conftest.c  >&5
configure:16109: $? = 0
configure:16109: ./conftest.exe
configure:16109: $? = 0
configure:16123: result: 8
configure:16137: checking processor byte ordering
configure:16216: gcc -o conftest.exe -g -O2   conftest.c  >&5
configure:16216: $? = 0
configure:16234: gcc -o conftest.exe -g -O2   conftest.c  >&5
configure:16234: $? = 0
configure:16258: gcc -o conftest.exe -g -O2   conftest.c  >&5
configure:16258: $? = 0
configure:16351: result: little
configure:16396: checking for malloc
configure:16396: gcc -o conftest.exe -g -O2   conftest.c  >&5
conftest.c:54:6: warning: conflicting types for built-in function 'malloc'
 char malloc ();
      ^
configure:16396: $? = 0
configure:16396: result: yes
configure:16396: checking for calloc
configure:16396: gcc -o conftest.exe -g -O2   conftest.c  >&5
conftest.c:55:6: warning: conflicting types for built-in function 'calloc'
 char calloc ();
      ^
configure:16396: $? = 0
configure:16396: result: yes
configure:16396: checking for free
configure:16396: gcc -o conftest.exe -g -O2   conftest.c  >&5
conftest.c:56:6: warning: conflicting types for built-in function 'free'
 char free ();
      ^
configure:16396: $? = 0
configure:16396: result: yes
configure:16396: checking for memcpy
configure:16396: gcc -o conftest.exe -g -O2   conftest.c  >&5
conftest.c:57:6: warning: conflicting types for built-in function 'memcpy'
 char memcpy ();
      ^
configure:16396: $? = 0
configure:16396: result: yes
configure:16396: checking for memmove
configure:16396: gcc -o conftest.exe -g -O2   conftest.c  >&5
conftest.c:58:6: warning: conflicting types for built-in function 'memmove'
 char memmove ();
      ^
configure:16396: $? = 0
configure:16396: result: yes
configure:16396: checking for alarm
configure:16396: gcc -o conftest.exe -g -O2   conftest.c  >&5
C:\Users\lenovo\AppData\Local\Temp\cc8z2uX5.o: In function `main':
E:\MinGW\msys\1.0\libsamplerate-0.1.8/conftest.c:70: undefined reference to `alarm'
collect2.exe: error: ld returned 1 exit status
configure:16396: $? = 1
configure: failed program was:
| /* confdefs.h */
| #define PACKAGE_NAME "libsamplerate"
| #define PACKAGE_TARNAME "libsamplerate"
| #define PACKAGE_VERSION "0.1.8"
| #define PACKAGE_STRING "libsamplerate 0.1.8"
| #define PACKAGE_BUGREPORT "erikd@mega-nerd.com"
| #define PACKAGE_URL "http://www.mega-nerd.com/libsamplerate/"
| #define PACKAGE "libsamplerate"
| #define VERSION "0.1.8"
| #define STDC_HEADERS 1
| #define HAVE_SYS_TYPES_H 1
| #define HAVE_SYS_STAT_H 1
| #define HAVE_STDLIB_H 1
| #define HAVE_STRING_H 1
| #define HAVE_MEMORY_H 1
| #define HAVE_STRINGS_H 1
| #define HAVE_INTTYPES_H 1
| #define HAVE_STDINT_H 1
| #define HAVE_UNISTD_H 1
| #define HAVE_DLFCN_H 1
| #define LT_OBJDIR ".libs/"
| #define STDC_HEADERS 1
| #define HAVE_STDINT_H 1
| #define SIZEOF_INT 4
| #define SIZEOF_LONG 4
| #define SIZEOF_FLOAT 4
| #define SIZEOF_DOUBLE 8
| #define CPU_IS_BIG_ENDIAN 0
| #define CPU_IS_LITTLE_ENDIAN 1
| #define HAVE_MALLOC 1
| #define HAVE_CALLOC 1
| #define HAVE_FREE 1
| #define HAVE_MEMCPY 1
| #define HAVE_MEMMOVE 1
| /* end confdefs.h.  */
| /* Define alarm to an innocuous variant, in case <limits.h> declares alarm.
|    For example, HP-UX 11i <limits.h> declares gettimeofday.  */
| #define alarm innocuous_alarm
| 
| /* System header to define __stub macros and hopefully few prototypes,
|     which can conflict with char alarm (); below.
|     Prefer <limits.h> to <assert.h> if __STDC__ is defined, since
|     <limits.h> exists even on freestanding compilers.  */
| 
| #ifdef __STDC__
| # include <limits.h>
| #else
| # include <assert.h>
| #endif
| 
| #undef alarm
| 
| /* Override any GCC internal prototype to avoid an error.
|    Use char because int might match the return type of a GCC
|    builtin and then its argument prototype would still apply.  */
| #ifdef __cplusplus
| extern "C"
| #endif
| char alarm ();
| /* The GNU C library defines this for functions which it implements
|     to always fail with ENOSYS.  Some functions are actually named
|     something starting with __ and the normal name is an alias.  */
| #if defined __stub_alarm || defined __stub___alarm
| choke me
| #endif
| 
| int
| main ()
| {
| return alarm ();
|   ;
|   return 0;
| }
configure:16396: result: no
configure:16396: checking for signal
configure:16396: gcc -o conftest.exe -g -O2   conftest.c  >&5
configure:16396: $? = 0
configure:16396: result: yes
configure:16406: checking for floor in -lm
configure:16431: gcc -o conftest.exe -g -O2   conftest.c -lm   >&5
conftest.c:44:6: warning: conflicting types for built-in function 'floor'
 char floor ();
      ^
configure:16431: $? = 0
configure:16440: result: yes
configure:16454: checking for floor
configure:16454: gcc -o conftest.exe -g -O2   conftest.c -lm  >&5
conftest.c:61:6: warning: conflicting types for built-in function 'floor'
 char floor ();
      ^
configure:16454: $? = 0
configure:16454: result: yes
configure:16454: checking for ceil
configure:16454: gcc -o conftest.exe -g -O2   conftest.c -lm  >&5
conftest.c:62:6: warning: conflicting types for built-in function 'ceil'
 char ceil ();
      ^
configure:16454: $? = 0
configure:16454: result: yes
configure:16454: checking for fmod
configure:16454: gcc -o conftest.exe -g -O2   conftest.c -lm  >&5
conftest.c:63:6: warning: conflicting types for built-in function 'fmod'
 char fmod ();
      ^
configure:16454: $? = 0
configure:16454: result: yes
configure:16464: checking for SIGALRM
configure:16484: gcc -o conftest.exe -g -O2   conftest.c -lm  >&5
conftest.c: In function 'main':
conftest.c:48:8: error: 'SIGALRM' undeclared (first use in this function)
 signal(SIGALRM, SIG_DFL) ;
        ^
conftest.c:48:8: note: each undeclared identifier is reported only once for each function it appears in
configure:16484: $? = 1
configure: failed program was:
| /* confdefs.h */
| #define PACKAGE_NAME "libsamplerate"
| #define PACKAGE_TARNAME "libsamplerate"
| #define PACKAGE_VERSION "0.1.8"
| #define PACKAGE_STRING "libsamplerate 0.1.8"
| #define PACKAGE_BUGREPORT "erikd@mega-nerd.com"
| #define PACKAGE_URL "http://www.mega-nerd.com/libsamplerate/"
| #define PACKAGE "libsamplerate"
| #define VERSION "0.1.8"
| #define STDC_HEADERS 1
| #define HAVE_SYS_TYPES_H 1
| #define HAVE_SYS_STAT_H 1
| #define HAVE_STDLIB_H 1
| #define HAVE_STRING_H 1
| #define HAVE_MEMORY_H 1
| #define HAVE_STRINGS_H 1
| #define HAVE_INTTYPES_H 1
| #define HAVE_STDINT_H 1
| #define HAVE_UNISTD_H 1
| #define HAVE_DLFCN_H 1
| #define LT_OBJDIR ".libs/"
| #define STDC_HEADERS 1
| #define HAVE_STDINT_H 1
| #define SIZEOF_INT 4
| #define SIZEOF_LONG 4
| #define SIZEOF_FLOAT 4
| #define SIZEOF_DOUBLE 8
| #define CPU_IS_BIG_ENDIAN 0
| #define CPU_IS_LITTLE_ENDIAN 1
| #define HAVE_MALLOC 1
| #define HAVE_CALLOC 1
| #define HAVE_FREE 1
| #define HAVE_MEMCPY 1
| #define HAVE_MEMMOVE 1
| #define HAVE_SIGNAL 1
| #define HAVE_LIBM 1
| #define HAVE_FLOOR 1
| #define HAVE_CEIL 1
| #define HAVE_FMOD 1
| /* end confdefs.h.  */
| 
| #include <signal.h>
| 
| 
| int
| main ()
| {
| signal(SIGALRM, SIG_DFL) ;
|   ;
|   return 0;
| }
configure:16494: result: no
configure:16504: checking for lrint
configure:16530: gcc -o conftest.exe -lm   conftest.c -lm  >&5
configure:16530: $? = 0
configure:16542: result: yes
configure:16551: checking for lrintf
configure:16577: gcc -o conftest.exe -lm   conftest.c -lm  >&5
configure:16577: $? = 0
configure:16589: result: yes
configure:16615: checking processor clipping capabilities
configure:16655: gcc -o conftest.exe -g -O2   conftest.c -lm  >&5
configure:16655: $? = 0
configure:16655: ./conftest.exe
configure:16655: $? = 1
configure: program exited with status 1
configure: failed program was:
| /* confdefs.h */
| #define PACKAGE_NAME "libsamplerate"
| #define PACKAGE_TARNAME "libsamplerate"
| #define PACKAGE_VERSION "0.1.8"
| #define PACKAGE_STRING "libsamplerate 0.1.8"
| #define PACKAGE_BUGREPORT "erikd@mega-nerd.com"
| #define PACKAGE_URL "http://www.mega-nerd.com/libsamplerate/"
| #define PACKAGE "libsamplerate"
| #define VERSION "0.1.8"
| #define STDC_HEADERS 1
| #define HAVE_SYS_TYPES_H 1
| #define HAVE_SYS_STAT_H 1
| #define HAVE_STDLIB_H 1
| #define HAVE_STRING_H 1
| #define HAVE_MEMORY_H 1
| #define HAVE_STRINGS_H 1
| #define HAVE_INTTYPES_H 1
| #define HAVE_STDINT_H 1
| #define HAVE_UNISTD_H 1
| #define HAVE_DLFCN_H 1
| #define LT_OBJDIR ".libs/"
| #define STDC_HEADERS 1
| #define HAVE_STDINT_H 1
| #define SIZEOF_INT 4
| #define SIZEOF_LONG 4
| #define SIZEOF_FLOAT 4
| #define SIZEOF_DOUBLE 8
| #define CPU_IS_BIG_ENDIAN 0
| #define CPU_IS_LITTLE_ENDIAN 1
| #define HAVE_MALLOC 1
| #define HAVE_CALLOC 1
| #define HAVE_FREE 1
| #define HAVE_MEMCPY 1
| #define HAVE_MEMMOVE 1
| #define HAVE_SIGNAL 1
| #define HAVE_LIBM 1
| #define HAVE_FLOOR 1
| #define HAVE_CEIL 1
| #define HAVE_FMOD 1
| #define HAVE_LRINT 1
| #define HAVE_LRINTF 1
| /* end confdefs.h.  */
| 
| 	#define	_ISOC9X_SOURCE	1
| 	#define _ISOC99_SOURCE	1
| 	#define	__USE_ISOC99	1
| 	#define __USE_ISOC9X	1
| 	#include <math.h>
| 	int main (void)
| 	{	double	fval ;
| 		int k, ival ;
| 
| 		fval = 1.0 * 0x7FFFFFFF ;
| 		for (k = 0 ; k < 100 ; k++)
| 		{	ival = (lrint (fval)) >> 24 ;
| 			if (ival != 127)
| 				return 1 ;
| 
| 			fval *= 1.2499999 ;
| 			} ;
| 
| 			return 0 ;
| 		}
| 
configure:16694: gcc -o conftest.exe -g -O2   conftest.c -lm  >&5
configure:16694: $? = 0
configure:16694: ./conftest.exe
configure:16694: $? = 0
configure:16736: result: negative
configure:16824: checking for pkg-config
configure:16857: result: no
configure:16894: checking for SNDFILE
configure:16953: result: no
configure:16987: checking for FFTW3
configure:17046: result: no
configure:17311: creating ./config.status

## ---------------------- ##
## Running config.status. ##
## ---------------------- ##

This file was extended by libsamplerate config.status 0.1.8, which was
generated by GNU Autoconf 2.68.  Invocation command line was

  CONFIG_FILES    = 
  CONFIG_HEADERS  = 
  CONFIG_LINKS    = 
  CONFIG_COMMANDS = 
  $ ./config.status 

on lenovo-PC

config.status:1286: creating Makefile
config.status:1286: creating M4/Makefile
config.status:1286: creating src/Version_script
config.status:1286: creating Win32/Makefile
config.status:1286: creating Win32/Makefile.mingw
config.status:1286: creating src/Makefile
config.status:1286: creating examples/Makefile
config.status:1286: creating tests/Makefile
config.status:1286: creating doc/Makefile
config.status:1286: creating libsamplerate.spec
config.status:1286: creating samplerate.pc
config.status:1286: creating src/config.h
config.status:1515: executing depfiles commands
config.status:1515: executing libtool commands
configure:20090: result:
-=-=-=-=-=-=-=-=-=-= Configuration Complete =-=-=-=-=-=-=-=-=-=-=-

  Configuration summary :

    Version : ..................... 0.1.8

    Host CPU : .................... i686
    Host Vendor : ................. pc
    Host OS : ..................... mingw32

configure:20112: result:
  Extra tools required for testing and examples :

    Use FFTW : .................... no
configure:20119: result:     Have libsndfile : ............. no

configure:20128: result:   Installation directories :

    Library directory : ........... /home/lenovo/lib
    Program directory : ........... /home/lenovo/bin
    Pkgconfig directory : ......... /home/lenovo/lib/pkgconfig


## ---------------- ##
## Cache variables. ##
## ---------------- ##

ac_cv_build=i686-pc-mingw32
ac_cv_c99_lrint=yes
ac_cv_c99_lrintf=yes
ac_cv_c_big_endian=0
ac_cv_c_byte_order=little
ac_cv_c_clip_negative=1
ac_cv_c_clip_positive=0
ac_cv_c_clip_type=negative
ac_cv_c_compiler_gnu=yes
ac_cv_c_little_endian=1
ac_cv_cxx_compiler_gnu=yes
ac_cv_env_CCC_set=
ac_cv_env_CCC_value=
ac_cv_env_CC_set=
ac_cv_env_CC_value=
ac_cv_env_CFLAGS_set=
ac_cv_env_CFLAGS_value=
ac_cv_env_CPPFLAGS_set=
ac_cv_env_CPPFLAGS_value=
ac_cv_env_CPP_set=
ac_cv_env_CPP_value=
ac_cv_env_CXXCPP_set=
ac_cv_env_CXXCPP_value=
ac_cv_env_CXXFLAGS_set=
ac_cv_env_CXXFLAGS_value=
ac_cv_env_CXX_set=
ac_cv_env_CXX_value=
ac_cv_env_FFTW3_CFLAGS_set=
ac_cv_env_FFTW3_CFLAGS_value=
ac_cv_env_FFTW3_LIBS_set=
ac_cv_env_FFTW3_LIBS_value=
ac_cv_env_LDFLAGS_set=
ac_cv_env_LDFLAGS_value=
ac_cv_env_LIBS_set=
ac_cv_env_LIBS_value=
ac_cv_env_PKG_CONFIG_LIBDIR_set=
ac_cv_env_PKG_CONFIG_LIBDIR_value=
ac_cv_env_PKG_CONFIG_PATH_set=
ac_cv_env_PKG_CONFIG_PATH_value=
ac_cv_env_PKG_CONFIG_set=
ac_cv_env_PKG_CONFIG_value=
ac_cv_env_SNDFILE_CFLAGS_set=
ac_cv_env_SNDFILE_CFLAGS_value=
ac_cv_env_SNDFILE_LIBS_set=
ac_cv_env_SNDFILE_LIBS_value=
ac_cv_env_build_alias_set=
ac_cv_env_build_alias_value=
ac_cv_env_host_alias_set=
ac_cv_env_host_alias_value=
ac_cv_env_target_alias_set=
ac_cv_env_target_alias_value=
ac_cv_exeext=.exe
ac_cv_fftw3=no
ac_cv_func_alarm=no
ac_cv_func_calloc=yes
ac_cv_func_ceil=yes
ac_cv_func_floor=yes
ac_cv_func_fmod=yes
ac_cv_func_free=yes
ac_cv_func_malloc=yes
ac_cv_func_memcpy=yes
ac_cv_func_memmove=yes
ac_cv_func_signal=yes
ac_cv_header_dlfcn_h=yes
ac_cv_header_inttypes_h=yes
ac_cv_header_memory_h=yes
ac_cv_header_stdc=yes
ac_cv_header_stdint_h=yes
ac_cv_header_stdlib_h=yes
ac_cv_header_string_h=yes
ac_cv_header_strings_h=yes
ac_cv_header_sys_stat_h=yes
ac_cv_header_sys_times_h=no
ac_cv_header_sys_types_h=yes
ac_cv_header_unistd_h=yes
ac_cv_host=i686-pc-mingw32
ac_cv_lib_m_floor=yes
ac_cv_objext=o
ac_cv_path_EGREP='/bin/grep -E'
ac_cv_path_FGREP='/bin/grep -F'
ac_cv_path_GREP=/bin/grep
ac_cv_path_SED=/bin/sed
ac_cv_path_install='/bin/install -c'
ac_cv_path_mkdir=/bin/mkdir
ac_cv_prog_AWK=gawk
ac_cv_prog_CPP='gcc -E'
ac_cv_prog_CXXCPP='g++ -E'
ac_cv_prog_DLLTOOL=dlltool
ac_cv_prog_DLLWRAP=dllwrap
ac_cv_prog_ac_ct_AR=ar
ac_cv_prog_ac_ct_CC=gcc
ac_cv_prog_ac_ct_CXX=g++
ac_cv_prog_ac_ct_DLLTOOL=dlltool
ac_cv_prog_ac_ct_OBJDUMP=objdump
ac_cv_prog_ac_ct_RANLIB=ranlib
ac_cv_prog_ac_ct_RC=windres
ac_cv_prog_ac_ct_STRIP=strip
ac_cv_prog_cc_c89=
ac_cv_prog_cc_g=yes
ac_cv_prog_cc_gcc_c_o=yes
ac_cv_prog_cxx_g=yes
ac_cv_prog_make_make_set=yes
ac_cv_signal_SIGALRM=no
ac_cv_sizeof_double=8
ac_cv_sizeof_float=4
ac_cv_sizeof_int=4
ac_cv_sizeof_long=4
ac_cv_sndfile=no
ac_cv_target=i686-pc-mingw32
am_cv_CC_dependencies_compiler_type=gcc3
am_cv_CXX_dependencies_compiler_type=gcc3
lt_cv_ar_at_file=@
lt_cv_archive_cmds_need_lc=yes
lt_cv_deplibs_check_method='file_magic ^x86 archive import|^x86 DLL'
lt_cv_file_magic_cmd=func_win32_libid
lt_cv_file_magic_test_file=
lt_cv_ld_reload_flag=-r
lt_cv_nm_interface='BSD nm'
lt_cv_objdir=.libs
lt_cv_path_LD=e:/mingw/mingw32/bin/ld.exe
lt_cv_path_LDCXX=e:/mingw/mingw32/bin/ld.exe
lt_cv_path_NM='/c/Qt/Qt5.7.0/Tools/mingw530_32/bin/nm -B'
lt_cv_path_mainfest_tool=no
lt_cv_prog_compiler_c_o=yes
lt_cv_prog_compiler_c_o_CXX=yes
lt_cv_prog_compiler_c_o_RC=yes
lt_cv_prog_compiler_pic='-DDLL_EXPORT -DPIC'
lt_cv_prog_compiler_pic_CXX='-DDLL_EXPORT -DPIC'
lt_cv_prog_compiler_pic_works=yes
lt_cv_prog_compiler_pic_works_CXX=yes
lt_cv_prog_compiler_rtti_exceptions=no
lt_cv_prog_compiler_static_works=yes
lt_cv_prog_compiler_static_works_CXX=yes
lt_cv_prog_gnu_ld=yes
lt_cv_prog_gnu_ldcxx=yes
lt_cv_sharedlib_from_linklib_cmd=func_cygming_dll_for_implib
lt_cv_sys_global_symbol_pipe='sed -n -e '\''s/^.*[	 ]\([ABCDGIRSTW][ABCDGIRSTW]*\)[	 ][	 ]*_\([_A-Za-z][_A-Za-z0-9]*\)\{0,1\}$/\1 _\2 \2/p'\'' | sed '\''/ __gnu_lto/d'\'''
lt_cv_sys_global_symbol_to_c_name_address='sed -n -e '\''s/^: \([^ ]*\)[ ]*$/  {\"\1\", (void *) 0},/p'\'' -e '\''s/^[ABCDGIRSTW]* \([^ ]*\) \([^ ]*\)$/  {"\2", (void *) \&\2},/p'\'''
lt_cv_sys_global_symbol_to_c_name_address_lib_prefix='sed -n -e '\''s/^: \([^ ]*\)[ ]*$/  {\"\1\", (void *) 0},/p'\'' -e '\''s/^[ABCDGIRSTW]* \([^ ]*\) \(lib[^ ]*\)$/  {"\2", (void *) \&\2},/p'\'' -e '\''s/^[ABCDGIRSTW]* \([^ ]*\) \([^ ]*\)$/  {"lib\2", (void *) \&\2},/p'\'''
lt_cv_sys_global_symbol_to_cdecl='sed -n -e '\''s/^T .* \(.*\)$/extern int \1();/p'\'' -e '\''s/^[ABCDGIRSTW]* .* \(.*\)$/extern char \1;/p'\'''
lt_cv_sys_max_cmd_len=8192
lt_cv_to_host_file_cmd=func_convert_file_msys_to_w32
lt_cv_to_tool_file_cmd=func_convert_file_msys_to_w32

## ----------------- ##
## Output variables. ##
## ----------------- ##

ACLOCAL='${SHELL} /libsamplerate-0.1.8/Cfg/missing --run aclocal-1.11'
ACLOCAL_AMFLAGS='-I M4'
AMDEPBACKSLASH='\'
AMDEP_FALSE='#'
AMDEP_TRUE=''
AMTAR='${SHELL} /libsamplerate-0.1.8/Cfg/missing --run tar'
AM_BACKSLASH='\'
AM_DEFAULT_VERBOSITY='0'
AR='ar'
AUTOCONF='${SHELL} /libsamplerate-0.1.8/Cfg/missing --run autoconf'
AUTOHEADER='${SHELL} /libsamplerate-0.1.8/Cfg/missing --run autoheader'
AUTOMAKE='${SHELL} /libsamplerate-0.1.8/Cfg/missing --run automake-1.11'
AWK='gawk'
CC='gcc'
CCDEPMODE='depmode=gcc3'
CFLAGS='-g -O2 -std=gnu99 -W -Wstrict-prototypes -Wmissing-prototypes -Wall -Waggregate-return -Wcast-align -Wcast-qual -Wnested-externs -Wshadow -Wpointer-arith -pipe'
COMPILER_IS_GCC=''
CPP='gcc -E'
CPPFLAGS=''
CXX='g++'
CXXCPP='g++ -E'
CXXDEPMODE='depmode=gcc3'
CXXFLAGS='-g -O2'
CYGPATH_W='echo'
DEFS='-DHAVE_CONFIG_H'
DEPDIR='.deps'
DLLTOOL='dlltool'
DLLWRAP='dllwrap'
DSYMUTIL=''
DUMPBIN=''
ECHO_C=''
ECHO_N='-n'
ECHO_T=''
EGREP='/bin/grep -E'
EXEEXT='.exe'
FFTW3_CFLAGS=''
FFTW3_LIBS=''
FGREP='/bin/grep -F'
GCC_MAJOR_VERSION='4'
GREP='/bin/grep'
HAVE_FFTW3='0'
HAVE_SNDFILE='0'
INSTALL_DATA='${INSTALL} -m 644'
INSTALL_PROGRAM='${INSTALL}'
INSTALL_SCRIPT='${INSTALL}'
INSTALL_STRIP_PROGRAM='$(install_sh) -c -s'
LD='e:/mingw/mingw32/bin/ld.exe'
LDFLAGS=''
LIBOBJS=''
LIBS='-lm '
LIBTOOL='$(SHELL) $(top_builddir)/libtool'
LIPO=''
LN_S='cp -p'
LTLIBOBJS=''
MAKEINFO='${SHELL} /libsamplerate-0.1.8/Cfg/missing --run makeinfo'
MANIFEST_TOOL=':'
MKDIR_P='/bin/mkdir -p'
NM='/c/Qt/Qt5.7.0/Tools/mingw530_32/bin/nm -B'
NMEDIT=''
OBJDUMP='objdump'
OBJEXT='o'
OS_SPECIFIC_INCLUDES=''
OS_SPECIFIC_LINKS='-lwinmm'
OTOOL64=''
OTOOL=''
PACKAGE='libsamplerate'
PACKAGE_BUGREPORT='erikd@mega-nerd.com'
PACKAGE_NAME='libsamplerate'
PACKAGE_STRING='libsamplerate 0.1.8'
PACKAGE_TARNAME='libsamplerate'
PACKAGE_URL='http://www.mega-nerd.com/libsamplerate/'
PACKAGE_VERSION='0.1.8'
PATH_SEPARATOR=':'
PEXPORTS=''
PKG_CONFIG=''
PKG_CONFIG_LIBDIR=''
PKG_CONFIG_PATH=''
RANLIB='ranlib'
RC='windres'
SED='/bin/sed'
SET_MAKE=''
SHARED_VERSION_INFO='1:8:1'
SHELL='/bin/sh'
SHLIB_VERSION_ARG=''
SNDFILE_CFLAGS=''
SNDFILE_LIBS=''
STRIP='strip'
VERSION='0.1.8'
ac_ct_AR='ar'
ac_ct_CC='gcc'
ac_ct_CXX='g++'
ac_ct_DUMPBIN=''
am__EXEEXT_FALSE='#'
am__EXEEXT_TRUE=''
am__fastdepCC_FALSE='#'
am__fastdepCC_TRUE=''
am__fastdepCXX_FALSE='#'
am__fastdepCXX_TRUE=''
am__include='include'
am__isrc=''
am__leading_dot='.'
am__quote=''
am__tar='${AMTAR} chof - "$$tardir"'
am__untar='${AMTAR} xf -'
bindir='${exec_prefix}/bin'
build='i686-pc-mingw32'
build_alias=''
build_cpu='i686'
build_os='mingw32'
build_vendor='pc'
datadir='${datarootdir}'
datarootdir='${prefix}/share'
docdir='${datarootdir}/doc/${PACKAGE_TARNAME}'
dvidir='${docdir}'
exec_prefix='${prefix}'
host='i686-pc-mingw32'
host_alias=''
host_cpu='i686'
host_os='mingw32'
host_vendor='pc'
htmldir='${docdir}'
htmldocdir='/home/lenovo/share/doc/libsamplerate0-dev/html'
includedir='${prefix}/include'
infodir='${datarootdir}/info'
install_sh='${SHELL} /libsamplerate-0.1.8/Cfg/install-sh'
libdir='${exec_prefix}/lib'
libexecdir='${exec_prefix}/libexec'
localedir='${datarootdir}/locale'
localstatedir='${prefix}/var'
mandir='${datarootdir}/man'
mkdir_p='/bin/mkdir -p'
oldincludedir='/usr/include'
pdfdir='${docdir}'
prefix='/home/lenovo'
program_transform_name='s,x,x,'
psdir='${docdir}'
sbindir='${exec_prefix}/sbin'
sharedstatedir='${prefix}/com'
sysconfdir='${prefix}/etc'
target='i686-pc-mingw32'
target_alias=''
target_cpu='i686'
target_os='mingw32'
target_vendor='pc'

## ----------- ##
## confdefs.h. ##
## ----------- ##

/* confdefs.h */
#define PACKAGE_NAME "libsamplerate"
#define PACKAGE_TARNAME "libsamplerate"
#define PACKAGE_VERSION "0.1.8"
#define PACKAGE_STRING "libsamplerate 0.1.8"
#define PACKAGE_BUGREPORT "erikd@mega-nerd.com"
#define PACKAGE_URL "http://www.mega-nerd.com/libsamplerate/"
#define PACKAGE "libsamplerate"
#define VERSION "0.1.8"
#define STDC_HEADERS 1
#define HAVE_SYS_TYPES_H 1
#define HAVE_SYS_STAT_H 1
#define HAVE_STDLIB_H 1
#define HAVE_STRING_H 1
#define HAVE_MEMORY_H 1
#define HAVE_STRINGS_H 1
#define HAVE_INTTYPES_H 1
#define HAVE_STDINT_H 1
#define HAVE_UNISTD_H 1
#define HAVE_DLFCN_H 1
#define LT_OBJDIR ".libs/"
#define STDC_HEADERS 1
#define HAVE_STDINT_H 1
#define SIZEOF_INT 4
#define SIZEOF_LONG 4
#define SIZEOF_FLOAT 4
#define SIZEOF_DOUBLE 8
#define CPU_IS_BIG_ENDIAN 0
#define CPU_IS_LITTLE_ENDIAN 1
#define HAVE_MALLOC 1
#define HAVE_CALLOC 1
#define HAVE_FREE 1
#define HAVE_MEMCPY 1
#define HAVE_MEMMOVE 1
#define HAVE_SIGNAL 1
#define HAVE_LIBM 1
#define HAVE_FLOOR 1
#define HAVE_CEIL 1
#define HAVE_FMOD 1
#define HAVE_LRINT 1
#define HAVE_LRINTF 1
#define CPU_CLIPS_POSITIVE 0
#define CPU_CLIPS_NEGATIVE 1
#define HAVE_SNDFILE 0
#define HAVE_FFTW3 0
#define COMPILER_IS_GCC 1
#define GCC_MAJOR_VERSION 4
#define OS_IS_WIN32 1

configure: exit 0
